<?xml version="1.0" encoding="UTF-8"?>
<testng-results ignored="0" total="1" passed="1" failed="0" skipped="0">
  <reporter-output>
  </reporter-output>
  <suite started-at="2023-08-21T15:50:31 CDT" name="Default suite" finished-at="2023-08-21T15:50:44 CDT" duration-ms="13458">
    <groups>
    </groups>
    <test started-at="2023-08-21T15:50:31 CDT" name="Default test" finished-at="2023-08-21T15:50:44 CDT" duration-ms="13458">
      <class name="testcases.VerifyMenuBar">
        <test-method is-config="true" signature="launchBrowserAndUrl()[pri:0, instance:testcases.VerifyMenuBar@38cee291]" started-at="2023-08-21T15:50:31 CDT" name="launchBrowserAndUrl" finished-at="2023-08-21T15:50:37 CDT" duration-ms="6487" status="PASS">
          <reporter-output>
          </reporter-output>
        </test-method> <!-- launchBrowserAndUrl -->
        <test-method signature="MenuBar()[pri:0, instance:testcases.VerifyMenuBar@38cee291]" started-at="2023-08-21T15:50:37 CDT" name="MenuBar" finished-at="2023-08-21T15:50:44 CDT" duration-ms="6906" status="PASS">
          <reporter-output>
          </reporter-output>
        </test-method> <!-- MenuBar -->
      </class> <!-- testcases.VerifyMenuBar -->
    </test> <!-- Default test -->
  </suite> <!-- Default suite -->
</testng-results>
